[+] Containers:
 |- [+] Container: /Game/TopDown/Maps/TopDownMap1
 |   |- [+] ActorDescs:
 |   |   |- Guid:0827372048085ED936B2479A192553AC BaseClass: NativeClass:/Script/Engine.StaticMeshActor Name:StaticMeshActor_49 Label:SM_Cylinder7 SpatiallyLoaded:1 Bounds:IsValid=true, Min=(X=1650.000 Y=1950.000 Z=0.000), Max=(X=1750.000 Y=2050.000 Z=300.000) RuntimeGrid:None EditorOnly:0 RuntimeOnly:0 HLODRelevant:1 ListedInSceneOutliner:1 IsMainWorldOnly:0 FolderPath:Pillars FolderGuid:036B2AA743B234787BD1F3822B72E975
 |   |   |- Guid:0A052EDA41F3F43E6E92C5B90F692EBD BaseClass: NativeClass:/Script/Engine.StaticMeshActor Name:StaticMeshActor_39 Label:SM_Cube5 SpatiallyLoaded:1 Bounds:IsValid=true, Min=(X=-0.000 Y=100.000 Z=0.000), Max=(X=100.000 Y=3400.000 Z=400.000) RuntimeGrid:None EditorOnly:0 RuntimeOnly:0 HLODRelevant:1 ListedInSceneOutliner:1 IsMainWorldOnly:0 FolderPath:Playground FolderGuid:8746DDAD42A18A3736DBE9BBB77675E5
 |   |   |- Guid:171B6CB4404883A42E124A8654487414 BaseClass: NativeClass:/Script/Engine.StaticMeshActor Name:StaticMeshActor_59 Label:SM_Cube8 SpatiallyLoaded:1 Bounds:IsValid=true, Min=(X=1900.000 Y=600.000 Z=0.000), Max=(X=2000.000 Y=900.000 Z=200.000) RuntimeGrid:None EditorOnly:0 RuntimeOnly:0 HLODRelevant:1 ListedInSceneOutliner:1 IsMainWorldOnly:0 FolderPath:Block01 FolderGuid:A3D0865D40B5211925A81EB39A13C84D
 |   |   |- Guid:285D91BB4980834540CFBF975504229B BaseClass: NativeClass:/Script/Engine.StaticMeshActor Name:StaticMeshActor_37 Label:SM_Cube4 SpatiallyLoaded:1 Bounds:IsValid=true, Min=(X=2000.000 Y=600.000 Z=0.000), Max=(X=2400.000 Y=1000.000 Z=200.000) RuntimeGrid:None EditorOnly:0 RuntimeOnly:0 HLODRelevant:1 ListedInSceneOutliner:1 IsMainWorldOnly:0 FolderPath:Block01 FolderGuid:A3D0865D40B5211925A81EB39A13C84D
 |   |   |- Guid:2972ACA143A9CD9A68AE8087FA24982F BaseClass: NativeClass:/Script/Engine.StaticMeshActor Name:StaticMeshActor_58 Label:SM_QuarterCylinder7 SpatiallyLoaded:1 Bounds:IsValid=true, Min=(X=1900.000 Y=900.000 Z=0.000), Max=(X=2000.000 Y=1000.000 Z=200.000) RuntimeGrid:None EditorOnly:0 RuntimeOnly:0 HLODRelevant:1 ListedInSceneOutliner:1 IsMainWorldOnly:0 FolderPath:Block01 FolderGuid:A3D0865D40B5211925A81EB39A13C84D
 |   |   |- Guid:2BEDB63C4E43EE10979CDCA2497B79D1 BaseClass: NativeClass:/Script/Engine.PostProcessVolume Name:PostProcessVolume_1 Label:PostProcessVolume SpatiallyLoaded:0 Bounds:IsValid=true, Min=(X=0.000 Y=0.000 Z=400.000), Max=(X=200.000 Y=200.000 Z=600.000) RuntimeGrid:None EditorOnly:0 RuntimeOnly:0 HLODRelevant:0 ListedInSceneOutliner:1 IsMainWorldOnly:0 FolderPath:Lighting FolderGuid:E13570EE436BA15E35C622BAA5B21164
 |   |   |- Guid:333196724926D96A31097BB6CCF5C6C2 BaseClass: NativeClass:/Script/Engine.ExponentialHeightFog Name:ExponentialHeightFog_1 Label:ExponentialHeightFog SpatiallyLoaded:0 Bounds:IsValid=true, Min=(X=-5600.000 Y=-50.000 Z=-6850.000), Max=(X=-5600.000 Y=-50.000 Z=-6850.000) RuntimeGrid:None EditorOnly:0 RuntimeOnly:0 HLODRelevant:0 ListedInSceneOutliner:1 IsMainWorldOnly:0 FolderPath:Lighting FolderGuid:E13570EE436BA15E35C622BAA5B21164
 |   |   |- Guid:3CE35D9E45691460995CBDAE11375B84 BaseClass: NativeClass:/Script/Engine.StaticMeshActor Name:StaticMeshActor_34 Label:SM_Cube SpatiallyLoaded:1 Bounds:IsValid=true, Min=(X=0.000 Y=0.000 Z=-50.000), Max=(X=3000.000 Y=3500.000 Z=0.000) RuntimeGrid:None EditorOnly:0 RuntimeOnly:0 HLODRelevant:1 ListedInSceneOutliner:1 IsMainWorldOnly:0 FolderPath:Playground FolderGuid:8746DDAD42A18A3736DBE9BBB77675E5
 |   |   |- Guid:403EDA604967EC5AFB3441AA027612F5 BaseClass: NativeClass:/Script/Engine.StaticMeshActor Name:StaticMeshActor_54 Label:SM_ChamferCube3 SpatiallyLoaded:1 Bounds:IsValid=true, Min=(X=711.512 Y=2824.945 Z=100.063), Max=(X=848.115 Y=2961.548 Z=200.063) RuntimeGrid:None EditorOnly:0 RuntimeOnly:0 HLODRelevant:0 ListedInSceneOutliner:1 IsMainWorldOnly:0
 |   |   |- Guid:45FADAFE42DE816B32E4F8B62AC8923D BaseClass: NativeClass:/Script/Engine.StaticMeshActor Name:StaticMeshActor_43 Label:SM_Ramp3 SpatiallyLoaded:1 Bounds:IsValid=true, Min=(X=1600.000 Y=400.000 Z=100.000), Max=(X=1900.000 Y=600.000 Z=200.000) RuntimeGrid:None EditorOnly:0 RuntimeOnly:0 HLODRelevant:1 ListedInSceneOutliner:1 IsMainWorldOnly:0 FolderPath:Block01 FolderGuid:A3D0865D40B5211925A81EB39A13C84D
 |   |   |- Guid:4F668056407BD78C9CF5D9AA289F1153 BaseClass: NativeClass:/Script/Engine.StaticMeshActor Name:StaticMeshActor_46 Label:SM_QuarterCylinder6 SpatiallyLoaded:1 Bounds:IsValid=true, Min=(X=2400.000 Y=900.000 Z=0.000), Max=(X=2500.000 Y=1000.000 Z=200.000) RuntimeGrid:None EditorOnly:0 RuntimeOnly:0 HLODRelevant:1 ListedInSceneOutliner:1 IsMainWorldOnly:0 FolderPath:Block01 FolderGuid:A3D0865D40B5211925A81EB39A13C84D
 |   |   |- Guid:52B09E1046249CD8FC95ADBDF1FDE421 BaseClass: NativeClass:/Script/Engine.StaticMeshActor Name:StaticMeshActor_52 Label:SM_Cylinder10 SpatiallyLoaded:1 Bounds:IsValid=true, Min=(X=2250.000 Y=2650.000 Z=0.000), Max=(X=2350.000 Y=2750.000 Z=300.000) RuntimeGrid:None EditorOnly:0 RuntimeOnly:0 HLODRelevant:1 ListedInSceneOutliner:1 IsMainWorldOnly:0 FolderPath:Pillars FolderGuid:036B2AA743B234787BD1F3822B72E975
 |   |   |- Guid:5309540741BECA110E8D4AB7C17CEDD0 BaseClass: NativeClass:/Script/NavigationSystem.NavMeshBoundsVolume Name:NavMeshBoundsVolume_1 Label:NavMeshBoundsVolume SpatiallyLoaded:0 Bounds:IsValid=true, Min=(X=-100.000 Y=-100.000 Z=-110.000), Max=(X=3100.000 Y=3600.000 Z=390.000) RuntimeGrid:None EditorOnly:0 RuntimeOnly:0 HLODRelevant:0 ListedInSceneOutliner:1 IsMainWorldOnly:0 FolderPath:Navigation FolderGuid:5FBB7B1041A3902AEFBB4E87AA1D500F
 |   |   |- Guid:56CC071941524A6BE1DF0BB9C775CD66 BaseClass: NativeClass:/Script/Engine.StaticMeshActor Name:StaticMeshActor_41 Label:SM_Cube7 SpatiallyLoaded:1 Bounds:IsValid=true, Min=(X=2400.000 Y=500.000 Z=0.000), Max=(X=2500.000 Y=900.000 Z=200.000) RuntimeGrid:None EditorOnly:0 RuntimeOnly:0 HLODRelevant:1 ListedInSceneOutliner:1 IsMainWorldOnly:0 FolderPath:Block01 FolderGuid:A3D0865D40B5211925A81EB39A13C84D
 |   |   |- Guid:5CDE361F4102F50463A2EC9547FDBC14 BaseClass: NativeClass:/Script/Engine.VolumetricCloud Name:VolumetricCloud_1 Label:VolumetricCloud SpatiallyLoaded:0 Bounds:IsValid=true, Min=(X=0.000 Y=0.000 Z=820.000), Max=(X=0.000 Y=0.000 Z=820.000) RuntimeGrid:None EditorOnly:0 RuntimeOnly:0 HLODRelevant:0 ListedInSceneOutliner:1 IsMainWorldOnly:0 FolderPath:Lighting FolderGuid:E13570EE436BA15E35C622BAA5B21164
 |   |   |- Guid:60CE9D15408E66AE5E8AA4A152E14F53 BaseClass: NativeClass:/Script/Engine.StaticMeshActor Name:StaticMeshActor_45 Label:SM_QuarterCylinder3 SpatiallyLoaded:1 Bounds:IsValid=true, Min=(X=2400.000 Y=400.000 Z=0.000), Max=(X=2500.000 Y=500.000 Z=200.000) RuntimeGrid:None EditorOnly:0 RuntimeOnly:0 HLODRelevant:1 ListedInSceneOutliner:1 IsMainWorldOnly:0 FolderPath:Block01 FolderGuid:A3D0865D40B5211925A81EB39A13C84D
 |   |   |- Guid:7016B11941E5C2BDE3E3AA8A2E6C0158 BaseClass: NativeClass:/Script/Engine.StaticMeshActor Name:StaticMeshActor_35 Label:SM_Cube2 SpatiallyLoaded:1 Bounds:IsValid=true, Min=(X=0.000 Y=0.000 Z=0.000), Max=(X=3000.000 Y=100.000 Z=400.000) RuntimeGrid:None EditorOnly:0 RuntimeOnly:0 HLODRelevant:1 ListedInSceneOutliner:1 IsMainWorldOnly:0 FolderPath:Playground FolderGuid:8746DDAD42A18A3736DBE9BBB77675E5
 |   |   |- Guid:78849B2046CE30ADA6E68F9D5E7B6534 BaseClass: NativeClass:/Script/Engine.PlayerStart Name:PlayerStart_1 Label:PlayerStart SpatiallyLoaded:0 Bounds:IsValid=true, Min=(X=960.000 Y=1770.000 Z=0.013), Max=(X=1040.000 Y=1850.000 Z=184.013) RuntimeGrid:None EditorOnly:0 RuntimeOnly:0 HLODRelevant:0 ListedInSceneOutliner:1 IsMainWorldOnly:0
 |   |   |- Guid:800090C441D52CB7A2D0D398C9B56075 BaseClass: NativeClass:/Script/Engine.StaticMeshActor Name:StaticMeshActor_50 Label:SM_Cylinder8 SpatiallyLoaded:1 Bounds:IsValid=true, Min=(X=2250.000 Y=1950.000 Z=0.000), Max=(X=2350.000 Y=2050.000 Z=300.000) RuntimeGrid:None EditorOnly:0 RuntimeOnly:0 HLODRelevant:1 ListedInSceneOutliner:1 IsMainWorldOnly:0 FolderPath:Pillars FolderGuid:036B2AA743B234787BD1F3822B72E975
 |   |   |- Guid:806ECD8E4CA54477463B51B371F4CD3B BaseClass: NativeClass:/Script/Engine.StaticMeshActor Name:StaticMeshActor_47 Label:SM_Cylinder4 SpatiallyLoaded:1 Bounds:IsValid=true, Min=(X=1850.000 Y=2350.000 Z=0.000), Max=(X=1950.000 Y=2450.000 Z=300.000) RuntimeGrid:None EditorOnly:0 RuntimeOnly:0 HLODRelevant:1 ListedInSceneOutliner:1 IsMainWorldOnly:0 FolderPath:Pillars FolderGuid:036B2AA743B234787BD1F3822B72E975
 |   |   |- Guid:80CD307B4418EB7D26C4DBA0A20232D7 BaseClass: NativeClass:/Script/Engine.StaticMeshActor Name:StaticMeshActor_55 Label:SM_ChamferCube4 SpatiallyLoaded:1 Bounds:IsValid=true, Min=(X=663.409 Y=2784.238 Z=0.063), Max=(X=804.292 Y=2925.121 Z=100.063) RuntimeGrid:None EditorOnly:0 RuntimeOnly:0 HLODRelevant:0 ListedInSceneOutliner:1 IsMainWorldOnly:0
 |   |   |- Guid:80E084E34D936438F335968A8973F256 BaseClass: NativeClass:/Script/Engine.StaticMeshActor Name:StaticMeshActor_56 Label:SM_ChamferCube5 SpatiallyLoaded:1 Bounds:IsValid=true, Min=(X=2419.765 Y=1390.593 Z=0.063), Max=(X=2547.936 Y=1518.765 Z=100.063) RuntimeGrid:None EditorOnly:0 RuntimeOnly:0 HLODRelevant:0 ListedInSceneOutliner:1 IsMainWorldOnly:0
 |   |   |- Guid:82F4885D4DD3BA13A2F65AA07A713328 BaseClass: NativeClass:/Script/Engine.DirectionalLight Name:DirectionalLight_1 Label:DirectionalLight SpatiallyLoaded:0 Bounds:IsValid=true, Min=(X=-4398046511104.000 Y=-4398046511104.000 Z=-4398046511104.000), Max=(X=4398046511104.000 Y=4398046511104.000 Z=4398046511104.000) RuntimeGrid:None EditorOnly:0 RuntimeOnly:0 HLODRelevant:0 ListedInSceneOutliner:1 IsMainWorldOnly:0 FolderPath:Lighting FolderGuid:E13570EE436BA15E35C622BAA5B21164
 |   |   |- Guid:8699F786405E1744FF157DA649254932 BaseClass: NativeClass:/Script/Engine.StaticMeshActor Name:StaticMeshActor_61 Label:SM_Cylinder11 SpatiallyLoaded:1 Bounds:IsValid=true, Min=(X=1350.000 Y=2950.000 Z=0.000), Max=(X=1450.000 Y=3050.000 Z=300.000) RuntimeGrid:None EditorOnly:0 RuntimeOnly:0 HLODRelevant:1 ListedInSceneOutliner:1 IsMainWorldOnly:0 FolderPath:Pillars FolderGuid:036B2AA743B234787BD1F3822B72E975
 |   |   |- Guid:8D6990EE4F82FB006370FDA391FCAEEA BaseClass: NativeClass:/Script/Engine.WorldDataLayers Name:WorldDataLayers Label:WorldDataLayers-1 SpatiallyLoaded:0 Bounds:Invalid RuntimeGrid:None EditorOnly:0 RuntimeOnly:0 HLODRelevant:0 ListedInSceneOutliner:1 IsMainWorldOnly:1
 |   |   |- Guid:926C998647AF8FB771EFB28682183E79 BaseClass: NativeClass:/Script/Engine.StaticMeshActor Name:StaticMeshActor_38 Label:SM_Ramp2 SpatiallyLoaded:1 Bounds:IsValid=true, Min=(X=1400.000 Y=600.000 Z=0.000), Max=(X=1600.000 Y=1000.000 Z=100.000) RuntimeGrid:None EditorOnly:0 RuntimeOnly:0 HLODRelevant:1 ListedInSceneOutliner:1 IsMainWorldOnly:0 FolderPath:Block01 FolderGuid:A3D0865D40B5211925A81EB39A13C84D
 |   |   |- Guid:9496B8F342CF950D6971EAAB5B6BA177 BaseClass: NativeClass:/Script/Engine.StaticMeshActor Name:StaticMeshActor_57 Label:SM_Cylinder15 SpatiallyLoaded:1 Bounds:IsValid=true, Min=(X=2550.000 Y=2950.000 Z=0.000), Max=(X=2650.000 Y=3050.000 Z=300.000) RuntimeGrid:None EditorOnly:0 RuntimeOnly:0 HLODRelevant:1 ListedInSceneOutliner:1 IsMainWorldOnly:0 FolderPath:Pillars FolderGuid:036B2AA743B234787BD1F3822B72E975
 |   |   |- Guid:97D30BB846B8049CB629968F8C5C2138 BaseClass: NativeClass:/Script/Engine.StaticMeshActor Name:StaticMeshActor_48 Label:SM_Cylinder5 SpatiallyLoaded:1 Bounds:IsValid=true, Min=(X=1750.000 Y=2750.000 Z=0.000), Max=(X=1850.000 Y=2850.000 Z=300.000) RuntimeGrid:None EditorOnly:0 RuntimeOnly:0 HLODRelevant:1 ListedInSceneOutliner:1 IsMainWorldOnly:0 FolderPath:Pillars FolderGuid:036B2AA743B234787BD1F3822B72E975
 |   |   |- Guid:A2F8AB0D47A972A0611DE1A5917202F6 BaseClass: NativeClass:/Script/Engine.TextRenderActor Name:TextRenderActor_1 Label:TextRenderActor SpatiallyLoaded:1 Bounds:IsValid=true, Min=(X=-0.100 Y=1100.000 Z=65.013), Max=(X=-0.100 Y=2225.000 Z=215.013) RuntimeGrid:None EditorOnly:0 RuntimeOnly:0 HLODRelevant:0 ListedInSceneOutliner:1 IsMainWorldOnly:0
 |   |   |- Guid:A435E5284944B4E99514AEB189B9D6D4 BaseClass: NativeClass:/Script/Engine.StaticMeshActor Name:StaticMeshActor_53 Label:SM_ChamferCube SpatiallyLoaded:1 Bounds:IsValid=true, Min=(X=761.762 Y=2853.712 Z=0.063), Max=(X=902.646 Y=2994.595 Z=100.063) RuntimeGrid:None EditorOnly:0 RuntimeOnly:0 HLODRelevant:0 ListedInSceneOutliner:1 IsMainWorldOnly:0
 |   |   |- Guid:A4C362ED481B548587CC31956F6C7784 BaseClass: NativeClass:/Script/Engine.StaticMeshActor Name:StaticMeshActor_44 Label:SM_Cube10 SpatiallyLoaded:1 Bounds:IsValid=true, Min=(X=1900.000 Y=400.000 Z=100.000), Max=(X=2400.000 Y=600.000 Z=200.000) RuntimeGrid:None EditorOnly:0 RuntimeOnly:0 HLODRelevant:1 ListedInSceneOutliner:1 IsMainWorldOnly:0 FolderPath:Block01 FolderGuid:A3D0865D40B5211925A81EB39A13C84D
 |   |   |- Guid:A82B6CE14C2B2A084590DD9766FF9735 BaseClass: NativeClass:/Script/Engine.SkyAtmosphere Name:SkyAtmosphere_1 Label:SkyAtmosphere SpatiallyLoaded:0 Bounds:IsValid=true, Min=(X=0.000 Y=0.000 Z=1020.000), Max=(X=0.000 Y=0.000 Z=1020.000) RuntimeGrid:None EditorOnly:0 RuntimeOnly:0 HLODRelevant:0 ListedInSceneOutliner:1 IsMainWorldOnly:0 FolderPath:Lighting FolderGuid:E13570EE436BA15E35C622BAA5B21164
 |   |   |- Guid:A85C4BE24029953205F88BA86381D9E1 BaseClass: NativeClass:/Script/Engine.SkyLight Name:SkyLight_1 Label:SkyLight SpatiallyLoaded:0 Bounds:IsValid=true, Min=(X=0.000 Y=0.000 Z=690.000), Max=(X=0.000 Y=0.000 Z=690.000) RuntimeGrid:None EditorOnly:0 RuntimeOnly:0 HLODRelevant:0 ListedInSceneOutliner:1 IsMainWorldOnly:0 FolderPath:Lighting FolderGuid:E13570EE436BA15E35C622BAA5B21164
 |   |   |- Guid:AD17E5BC40CE06957D54149ECFAB62F5 BaseClass: NativeClass:/Script/Engine.StaticMeshActor Name:StaticMeshActor_36 Label:SM_Cube3 SpatiallyLoaded:1 Bounds:IsValid=true, Min=(X=0.000 Y=3400.000 Z=0.000), Max=(X=3000.000 Y=3500.000 Z=400.000) RuntimeGrid:None EditorOnly:0 RuntimeOnly:0 HLODRelevant:1 ListedInSceneOutliner:1 IsMainWorldOnly:0 FolderPath:Playground FolderGuid:8746DDAD42A18A3736DBE9BBB77675E5
 |   |   |- Guid:BC04CB0245696A7C3512D3B1E19BC463 BaseClass: NativeClass:/Script/Engine.StaticMeshActor Name:StaticMeshActor_42 Label:SM_Cube9 SpatiallyLoaded:1 Bounds:IsValid=true, Min=(X=1400.000 Y=400.000 Z=0.000), Max=(X=2400.000 Y=600.000 Z=100.000) RuntimeGrid:None EditorOnly:0 RuntimeOnly:0 HLODRelevant:1 ListedInSceneOutliner:1 IsMainWorldOnly:0 FolderPath:Block01 FolderGuid:A3D0865D40B5211925A81EB39A13C84D
 |   |   |- Guid:CBBBECDB43DEAF15B4AA2C81A495522E BaseClass: NativeClass:/Script/Engine.StaticMeshActor Name:StaticMeshActor_UAID_A4AE111137DC5CFB00_1546167071 Label:SM_SkySphere SpatiallyLoaded:0 Bounds:IsValid=true, Min=(X=-1638400.000 Y=-1638400.000 Z=-1638400.000), Max=(X=1638400.000 Y=1638400.000 Z=1638400.000) RuntimeGrid:None EditorOnly:0 RuntimeOnly:0 HLODRelevant:1 ListedInSceneOutliner:1 IsMainWorldOnly:0 FolderPath:Lighting FolderGuid:E13570EE436BA15E35C622BAA5B21164
 |   |   |- Guid:CD308BEB495114F929E410BCDB885918 BaseClass: NativeClass:/Script/Engine.StaticMeshActor Name:StaticMeshActor_40 Label:SM_Cube6 SpatiallyLoaded:1 Bounds:IsValid=true, Min=(X=2900.000 Y=100.000 Z=0.000), Max=(X=3000.000 Y=3400.000 Z=400.000) RuntimeGrid:None EditorOnly:0 RuntimeOnly:0 HLODRelevant:1 ListedInSceneOutliner:1 IsMainWorldOnly:0 FolderPath:Playground FolderGuid:8746DDAD42A18A3736DBE9BBB77675E5
 |   |   |- Guid:D63C71BA4C8074743D89139681033264 BaseClass: NativeClass:/Script/Engine.StaticMeshActor Name:StaticMeshActor_51 Label:SM_Cylinder9 SpatiallyLoaded:1 Bounds:IsValid=true, Min=(X=2450.000 Y=2350.000 Z=0.000), Max=(X=2550.000 Y=2450.000 Z=300.000) RuntimeGrid:None EditorOnly:0 RuntimeOnly:0 HLODRelevant:1 ListedInSceneOutliner:1 IsMainWorldOnly:0 FolderPath:Pillars FolderGuid:036B2AA743B234787BD1F3822B72E975
 |   |   |- Guid:DEB2B5B240E2AD916406F2A807701E59 BaseClass: NativeClass:/Script/AIModule.NavLinkProxy Name:NavLinkProxy_1 Label:NavLinkProxy3 SpatiallyLoaded:1 Bounds:IsValid=true, Min=(X=2240.000 Y=1030.000 Z=90.000), Max=(X=2240.000 Y=1030.000 Z=90.000) RuntimeGrid:None EditorOnly:0 RuntimeOnly:0 HLODRelevant:0 ListedInSceneOutliner:1 IsMainWorldOnly:0 FolderPath:Navigation FolderGuid:5FBB7B1041A3902AEFBB4E87AA1D500F
 |   |   |- Guid:F7BDE7354E9F21C5A42BFFB5B19A7329 BaseClass: NativeClass:/Script/Engine.StaticMeshActor Name:StaticMeshActor_60 Label:SM_Cylinder6 SpatiallyLoaded:1 Bounds:IsValid=true, Min=(X=1350.000 Y=2450.000 Z=0.000), Max=(X=1450.000 Y=2550.000 Z=300.000) RuntimeGrid:None EditorOnly:0 RuntimeOnly:0 HLODRelevant:1 ListedInSceneOutliner:1 IsMainWorldOnly:0 FolderPath:Pillars FolderGuid:036B2AA743B234787BD1F3822B72E975
 |   |- [+] Clusters:
 |   |   |- [+] [  0]
 |   |   |   |- Guid:0827372048085ED936B2479A192553AC BaseClass: NativeClass:/Script/Engine.StaticMeshActor Name:StaticMeshActor_49 Label:SM_Cylinder7 SpatiallyLoaded:1 Bounds:IsValid=true, Min=(X=1650.000 Y=1950.000 Z=0.000), Max=(X=1750.000 Y=2050.000 Z=300.000) RuntimeGrid:None EditorOnly:0 RuntimeOnly:0 HLODRelevant:1 ListedInSceneOutliner:1 IsMainWorldOnly:0 FolderPath:Pillars FolderGuid:036B2AA743B234787BD1F3822B72E975
 |   |   |- [+] [  1]
 |   |   |   |- Guid:0A052EDA41F3F43E6E92C5B90F692EBD BaseClass: NativeClass:/Script/Engine.StaticMeshActor Name:StaticMeshActor_39 Label:SM_Cube5 SpatiallyLoaded:1 Bounds:IsValid=true, Min=(X=-0.000 Y=100.000 Z=0.000), Max=(X=100.000 Y=3400.000 Z=400.000) RuntimeGrid:None EditorOnly:0 RuntimeOnly:0 HLODRelevant:1 ListedInSceneOutliner:1 IsMainWorldOnly:0 FolderPath:Playground FolderGuid:8746DDAD42A18A3736DBE9BBB77675E5
 |   |   |- [+] [  2]
 |   |   |   |- Guid:171B6CB4404883A42E124A8654487414 BaseClass: NativeClass:/Script/Engine.StaticMeshActor Name:StaticMeshActor_59 Label:SM_Cube8 SpatiallyLoaded:1 Bounds:IsValid=true, Min=(X=1900.000 Y=600.000 Z=0.000), Max=(X=2000.000 Y=900.000 Z=200.000) RuntimeGrid:None EditorOnly:0 RuntimeOnly:0 HLODRelevant:1 ListedInSceneOutliner:1 IsMainWorldOnly:0 FolderPath:Block01 FolderGuid:A3D0865D40B5211925A81EB39A13C84D
 |   |   |- [+] [  3]
 |   |   |   |- Guid:285D91BB4980834540CFBF975504229B BaseClass: NativeClass:/Script/Engine.StaticMeshActor Name:StaticMeshActor_37 Label:SM_Cube4 SpatiallyLoaded:1 Bounds:IsValid=true, Min=(X=2000.000 Y=600.000 Z=0.000), Max=(X=2400.000 Y=1000.000 Z=200.000) RuntimeGrid:None EditorOnly:0 RuntimeOnly:0 HLODRelevant:1 ListedInSceneOutliner:1 IsMainWorldOnly:0 FolderPath:Block01 FolderGuid:A3D0865D40B5211925A81EB39A13C84D
 |   |   |- [+] [  4]
 |   |   |   |- Guid:2972ACA143A9CD9A68AE8087FA24982F BaseClass: NativeClass:/Script/Engine.StaticMeshActor Name:StaticMeshActor_58 Label:SM_QuarterCylinder7 SpatiallyLoaded:1 Bounds:IsValid=true, Min=(X=1900.000 Y=900.000 Z=0.000), Max=(X=2000.000 Y=1000.000 Z=200.000) RuntimeGrid:None EditorOnly:0 RuntimeOnly:0 HLODRelevant:1 ListedInSceneOutliner:1 IsMainWorldOnly:0 FolderPath:Block01 FolderGuid:A3D0865D40B5211925A81EB39A13C84D
 |   |   |- [+] [  5]
 |   |   |   |- Guid:2BEDB63C4E43EE10979CDCA2497B79D1 BaseClass: NativeClass:/Script/Engine.PostProcessVolume Name:PostProcessVolume_1 Label:PostProcessVolume SpatiallyLoaded:0 Bounds:IsValid=true, Min=(X=0.000 Y=0.000 Z=400.000), Max=(X=200.000 Y=200.000 Z=600.000) RuntimeGrid:None EditorOnly:0 RuntimeOnly:0 HLODRelevant:0 ListedInSceneOutliner:1 IsMainWorldOnly:0 FolderPath:Lighting FolderGuid:E13570EE436BA15E35C622BAA5B21164
 |   |   |- [+] [  6]
 |   |   |   |- Guid:333196724926D96A31097BB6CCF5C6C2 BaseClass: NativeClass:/Script/Engine.ExponentialHeightFog Name:ExponentialHeightFog_1 Label:ExponentialHeightFog SpatiallyLoaded:0 Bounds:IsValid=true, Min=(X=-5600.000 Y=-50.000 Z=-6850.000), Max=(X=-5600.000 Y=-50.000 Z=-6850.000) RuntimeGrid:None EditorOnly:0 RuntimeOnly:0 HLODRelevant:0 ListedInSceneOutliner:1 IsMainWorldOnly:0 FolderPath:Lighting FolderGuid:E13570EE436BA15E35C622BAA5B21164
 |   |   |- [+] [  7]
 |   |   |   |- Guid:3CE35D9E45691460995CBDAE11375B84 BaseClass: NativeClass:/Script/Engine.StaticMeshActor Name:StaticMeshActor_34 Label:SM_Cube SpatiallyLoaded:1 Bounds:IsValid=true, Min=(X=0.000 Y=0.000 Z=-50.000), Max=(X=3000.000 Y=3500.000 Z=0.000) RuntimeGrid:None EditorOnly:0 RuntimeOnly:0 HLODRelevant:1 ListedInSceneOutliner:1 IsMainWorldOnly:0 FolderPath:Playground FolderGuid:8746DDAD42A18A3736DBE9BBB77675E5
 |   |   |- [+] [  8]
 |   |   |   |- Guid:403EDA604967EC5AFB3441AA027612F5 BaseClass: NativeClass:/Script/Engine.StaticMeshActor Name:StaticMeshActor_54 Label:SM_ChamferCube3 SpatiallyLoaded:1 Bounds:IsValid=true, Min=(X=711.512 Y=2824.945 Z=100.063), Max=(X=848.115 Y=2961.548 Z=200.063) RuntimeGrid:None EditorOnly:0 RuntimeOnly:0 HLODRelevant:0 ListedInSceneOutliner:1 IsMainWorldOnly:0
 |   |   |- [+] [  9]
 |   |   |   |- Guid:45FADAFE42DE816B32E4F8B62AC8923D BaseClass: NativeClass:/Script/Engine.StaticMeshActor Name:StaticMeshActor_43 Label:SM_Ramp3 SpatiallyLoaded:1 Bounds:IsValid=true, Min=(X=1600.000 Y=400.000 Z=100.000), Max=(X=1900.000 Y=600.000 Z=200.000) RuntimeGrid:None EditorOnly:0 RuntimeOnly:0 HLODRelevant:1 ListedInSceneOutliner:1 IsMainWorldOnly:0 FolderPath:Block01 FolderGuid:A3D0865D40B5211925A81EB39A13C84D
 |   |   |- [+] [ 10]
 |   |   |   |- Guid:4F668056407BD78C9CF5D9AA289F1153 BaseClass: NativeClass:/Script/Engine.StaticMeshActor Name:StaticMeshActor_46 Label:SM_QuarterCylinder6 SpatiallyLoaded:1 Bounds:IsValid=true, Min=(X=2400.000 Y=900.000 Z=0.000), Max=(X=2500.000 Y=1000.000 Z=200.000) RuntimeGrid:None EditorOnly:0 RuntimeOnly:0 HLODRelevant:1 ListedInSceneOutliner:1 IsMainWorldOnly:0 FolderPath:Block01 FolderGuid:A3D0865D40B5211925A81EB39A13C84D
 |   |   |- [+] [ 11]
 |   |   |   |- Guid:52B09E1046249CD8FC95ADBDF1FDE421 BaseClass: NativeClass:/Script/Engine.StaticMeshActor Name:StaticMeshActor_52 Label:SM_Cylinder10 SpatiallyLoaded:1 Bounds:IsValid=true, Min=(X=2250.000 Y=2650.000 Z=0.000), Max=(X=2350.000 Y=2750.000 Z=300.000) RuntimeGrid:None EditorOnly:0 RuntimeOnly:0 HLODRelevant:1 ListedInSceneOutliner:1 IsMainWorldOnly:0 FolderPath:Pillars FolderGuid:036B2AA743B234787BD1F3822B72E975
 |   |   |- [+] [ 12]
 |   |   |   |- Guid:5309540741BECA110E8D4AB7C17CEDD0 BaseClass: NativeClass:/Script/NavigationSystem.NavMeshBoundsVolume Name:NavMeshBoundsVolume_1 Label:NavMeshBoundsVolume SpatiallyLoaded:0 Bounds:IsValid=true, Min=(X=-100.000 Y=-100.000 Z=-110.000), Max=(X=3100.000 Y=3600.000 Z=390.000) RuntimeGrid:None EditorOnly:0 RuntimeOnly:0 HLODRelevant:0 ListedInSceneOutliner:1 IsMainWorldOnly:0 FolderPath:Navigation FolderGuid:5FBB7B1041A3902AEFBB4E87AA1D500F
 |   |   |- [+] [ 13]
 |   |   |   |- Guid:56CC071941524A6BE1DF0BB9C775CD66 BaseClass: NativeClass:/Script/Engine.StaticMeshActor Name:StaticMeshActor_41 Label:SM_Cube7 SpatiallyLoaded:1 Bounds:IsValid=true, Min=(X=2400.000 Y=500.000 Z=0.000), Max=(X=2500.000 Y=900.000 Z=200.000) RuntimeGrid:None EditorOnly:0 RuntimeOnly:0 HLODRelevant:1 ListedInSceneOutliner:1 IsMainWorldOnly:0 FolderPath:Block01 FolderGuid:A3D0865D40B5211925A81EB39A13C84D
 |   |   |- [+] [ 14]
 |   |   |   |- Guid:5CDE361F4102F50463A2EC9547FDBC14 BaseClass: NativeClass:/Script/Engine.VolumetricCloud Name:VolumetricCloud_1 Label:VolumetricCloud SpatiallyLoaded:0 Bounds:IsValid=true, Min=(X=0.000 Y=0.000 Z=820.000), Max=(X=0.000 Y=0.000 Z=820.000) RuntimeGrid:None EditorOnly:0 RuntimeOnly:0 HLODRelevant:0 ListedInSceneOutliner:1 IsMainWorldOnly:0 FolderPath:Lighting FolderGuid:E13570EE436BA15E35C622BAA5B21164
 |   |   |- [+] [ 15]
 |   |   |   |- Guid:60CE9D15408E66AE5E8AA4A152E14F53 BaseClass: NativeClass:/Script/Engine.StaticMeshActor Name:StaticMeshActor_45 Label:SM_QuarterCylinder3 SpatiallyLoaded:1 Bounds:IsValid=true, Min=(X=2400.000 Y=400.000 Z=0.000), Max=(X=2500.000 Y=500.000 Z=200.000) RuntimeGrid:None EditorOnly:0 RuntimeOnly:0 HLODRelevant:1 ListedInSceneOutliner:1 IsMainWorldOnly:0 FolderPath:Block01 FolderGuid:A3D0865D40B5211925A81EB39A13C84D
 |   |   |- [+] [ 16]
 |   |   |   |- Guid:7016B11941E5C2BDE3E3AA8A2E6C0158 BaseClass: NativeClass:/Script/Engine.StaticMeshActor Name:StaticMeshActor_35 Label:SM_Cube2 SpatiallyLoaded:1 Bounds:IsValid=true, Min=(X=0.000 Y=0.000 Z=0.000), Max=(X=3000.000 Y=100.000 Z=400.000) RuntimeGrid:None EditorOnly:0 RuntimeOnly:0 HLODRelevant:1 ListedInSceneOutliner:1 IsMainWorldOnly:0 FolderPath:Playground FolderGuid:8746DDAD42A18A3736DBE9BBB77675E5
 |   |   |- [+] [ 17]
 |   |   |   |- Guid:78849B2046CE30ADA6E68F9D5E7B6534 BaseClass: NativeClass:/Script/Engine.PlayerStart Name:PlayerStart_1 Label:PlayerStart SpatiallyLoaded:0 Bounds:IsValid=true, Min=(X=960.000 Y=1770.000 Z=0.013), Max=(X=1040.000 Y=1850.000 Z=184.013) RuntimeGrid:None EditorOnly:0 RuntimeOnly:0 HLODRelevant:0 ListedInSceneOutliner:1 IsMainWorldOnly:0
 |   |   |- [+] [ 18]
 |   |   |   |- Guid:800090C441D52CB7A2D0D398C9B56075 BaseClass: NativeClass:/Script/Engine.StaticMeshActor Name:StaticMeshActor_50 Label:SM_Cylinder8 SpatiallyLoaded:1 Bounds:IsValid=true, Min=(X=2250.000 Y=1950.000 Z=0.000), Max=(X=2350.000 Y=2050.000 Z=300.000) RuntimeGrid:None EditorOnly:0 RuntimeOnly:0 HLODRelevant:1 ListedInSceneOutliner:1 IsMainWorldOnly:0 FolderPath:Pillars FolderGuid:036B2AA743B234787BD1F3822B72E975
 |   |   |- [+] [ 19]
 |   |   |   |- Guid:806ECD8E4CA54477463B51B371F4CD3B BaseClass: NativeClass:/Script/Engine.StaticMeshActor Name:StaticMeshActor_47 Label:SM_Cylinder4 SpatiallyLoaded:1 Bounds:IsValid=true, Min=(X=1850.000 Y=2350.000 Z=0.000), Max=(X=1950.000 Y=2450.000 Z=300.000) RuntimeGrid:None EditorOnly:0 RuntimeOnly:0 HLODRelevant:1 ListedInSceneOutliner:1 IsMainWorldOnly:0 FolderPath:Pillars FolderGuid:036B2AA743B234787BD1F3822B72E975
 |   |   |- [+] [ 20]
 |   |   |   |- Guid:80CD307B4418EB7D26C4DBA0A20232D7 BaseClass: NativeClass:/Script/Engine.StaticMeshActor Name:StaticMeshActor_55 Label:SM_ChamferCube4 SpatiallyLoaded:1 Bounds:IsValid=true, Min=(X=663.409 Y=2784.238 Z=0.063), Max=(X=804.292 Y=2925.121 Z=100.063) RuntimeGrid:None EditorOnly:0 RuntimeOnly:0 HLODRelevant:0 ListedInSceneOutliner:1 IsMainWorldOnly:0
 |   |   |- [+] [ 21]
 |   |   |   |- Guid:80E084E34D936438F335968A8973F256 BaseClass: NativeClass:/Script/Engine.StaticMeshActor Name:StaticMeshActor_56 Label:SM_ChamferCube5 SpatiallyLoaded:1 Bounds:IsValid=true, Min=(X=2419.765 Y=1390.593 Z=0.063), Max=(X=2547.936 Y=1518.765 Z=100.063) RuntimeGrid:None EditorOnly:0 RuntimeOnly:0 HLODRelevant:0 ListedInSceneOutliner:1 IsMainWorldOnly:0
 |   |   |- [+] [ 22]
 |   |   |   |- Guid:82F4885D4DD3BA13A2F65AA07A713328 BaseClass: NativeClass:/Script/Engine.DirectionalLight Name:DirectionalLight_1 Label:DirectionalLight SpatiallyLoaded:0 Bounds:IsValid=true, Min=(X=-4398046511104.000 Y=-4398046511104.000 Z=-4398046511104.000), Max=(X=4398046511104.000 Y=4398046511104.000 Z=4398046511104.000) RuntimeGrid:None EditorOnly:0 RuntimeOnly:0 HLODRelevant:0 ListedInSceneOutliner:1 IsMainWorldOnly:0 FolderPath:Lighting FolderGuid:E13570EE436BA15E35C622BAA5B21164
 |   |   |- [+] [ 23]
 |   |   |   |- Guid:8699F786405E1744FF157DA649254932 BaseClass: NativeClass:/Script/Engine.StaticMeshActor Name:StaticMeshActor_61 Label:SM_Cylinder11 SpatiallyLoaded:1 Bounds:IsValid=true, Min=(X=1350.000 Y=2950.000 Z=0.000), Max=(X=1450.000 Y=3050.000 Z=300.000) RuntimeGrid:None EditorOnly:0 RuntimeOnly:0 HLODRelevant:1 ListedInSceneOutliner:1 IsMainWorldOnly:0 FolderPath:Pillars FolderGuid:036B2AA743B234787BD1F3822B72E975
 |   |   |- [+] [ 24]
 |   |   |   |- Guid:8D6990EE4F82FB006370FDA391FCAEEA BaseClass: NativeClass:/Script/Engine.WorldDataLayers Name:WorldDataLayers Label:WorldDataLayers-1 SpatiallyLoaded:0 Bounds:Invalid RuntimeGrid:None EditorOnly:0 RuntimeOnly:0 HLODRelevant:0 ListedInSceneOutliner:1 IsMainWorldOnly:1
 |   |   |- [+] [ 25]
 |   |   |   |- Guid:926C998647AF8FB771EFB28682183E79 BaseClass: NativeClass:/Script/Engine.StaticMeshActor Name:StaticMeshActor_38 Label:SM_Ramp2 SpatiallyLoaded:1 Bounds:IsValid=true, Min=(X=1400.000 Y=600.000 Z=0.000), Max=(X=1600.000 Y=1000.000 Z=100.000) RuntimeGrid:None EditorOnly:0 RuntimeOnly:0 HLODRelevant:1 ListedInSceneOutliner:1 IsMainWorldOnly:0 FolderPath:Block01 FolderGuid:A3D0865D40B5211925A81EB39A13C84D
 |   |   |- [+] [ 26]
 |   |   |   |- Guid:9496B8F342CF950D6971EAAB5B6BA177 BaseClass: NativeClass:/Script/Engine.StaticMeshActor Name:StaticMeshActor_57 Label:SM_Cylinder15 SpatiallyLoaded:1 Bounds:IsValid=true, Min=(X=2550.000 Y=2950.000 Z=0.000), Max=(X=2650.000 Y=3050.000 Z=300.000) RuntimeGrid:None EditorOnly:0 RuntimeOnly:0 HLODRelevant:1 ListedInSceneOutliner:1 IsMainWorldOnly:0 FolderPath:Pillars FolderGuid:036B2AA743B234787BD1F3822B72E975
 |   |   |- [+] [ 27]
 |   |   |   |- Guid:97D30BB846B8049CB629968F8C5C2138 BaseClass: NativeClass:/Script/Engine.StaticMeshActor Name:StaticMeshActor_48 Label:SM_Cylinder5 SpatiallyLoaded:1 Bounds:IsValid=true, Min=(X=1750.000 Y=2750.000 Z=0.000), Max=(X=1850.000 Y=2850.000 Z=300.000) RuntimeGrid:None EditorOnly:0 RuntimeOnly:0 HLODRelevant:1 ListedInSceneOutliner:1 IsMainWorldOnly:0 FolderPath:Pillars FolderGuid:036B2AA743B234787BD1F3822B72E975
 |   |   |- [+] [ 28]
 |   |   |   |- Guid:A2F8AB0D47A972A0611DE1A5917202F6 BaseClass: NativeClass:/Script/Engine.TextRenderActor Name:TextRenderActor_1 Label:TextRenderActor SpatiallyLoaded:1 Bounds:IsValid=true, Min=(X=-0.100 Y=1100.000 Z=65.013), Max=(X=-0.100 Y=2225.000 Z=215.013) RuntimeGrid:None EditorOnly:0 RuntimeOnly:0 HLODRelevant:0 ListedInSceneOutliner:1 IsMainWorldOnly:0
 |   |   |- [+] [ 29]
 |   |   |   |- Guid:A435E5284944B4E99514AEB189B9D6D4 BaseClass: NativeClass:/Script/Engine.StaticMeshActor Name:StaticMeshActor_53 Label:SM_ChamferCube SpatiallyLoaded:1 Bounds:IsValid=true, Min=(X=761.762 Y=2853.712 Z=0.063), Max=(X=902.646 Y=2994.595 Z=100.063) RuntimeGrid:None EditorOnly:0 RuntimeOnly:0 HLODRelevant:0 ListedInSceneOutliner:1 IsMainWorldOnly:0
 |   |   |- [+] [ 30]
 |   |   |   |- Guid:A4C362ED481B548587CC31956F6C7784 BaseClass: NativeClass:/Script/Engine.StaticMeshActor Name:StaticMeshActor_44 Label:SM_Cube10 SpatiallyLoaded:1 Bounds:IsValid=true, Min=(X=1900.000 Y=400.000 Z=100.000), Max=(X=2400.000 Y=600.000 Z=200.000) RuntimeGrid:None EditorOnly:0 RuntimeOnly:0 HLODRelevant:1 ListedInSceneOutliner:1 IsMainWorldOnly:0 FolderPath:Block01 FolderGuid:A3D0865D40B5211925A81EB39A13C84D
 |   |   |- [+] [ 31]
 |   |   |   |- Guid:A82B6CE14C2B2A084590DD9766FF9735 BaseClass: NativeClass:/Script/Engine.SkyAtmosphere Name:SkyAtmosphere_1 Label:SkyAtmosphere SpatiallyLoaded:0 Bounds:IsValid=true, Min=(X=0.000 Y=0.000 Z=1020.000), Max=(X=0.000 Y=0.000 Z=1020.000) RuntimeGrid:None EditorOnly:0 RuntimeOnly:0 HLODRelevant:0 ListedInSceneOutliner:1 IsMainWorldOnly:0 FolderPath:Lighting FolderGuid:E13570EE436BA15E35C622BAA5B21164
 |   |   |- [+] [ 32]
 |   |   |   |- Guid:A85C4BE24029953205F88BA86381D9E1 BaseClass: NativeClass:/Script/Engine.SkyLight Name:SkyLight_1 Label:SkyLight SpatiallyLoaded:0 Bounds:IsValid=true, Min=(X=0.000 Y=0.000 Z=690.000), Max=(X=0.000 Y=0.000 Z=690.000) RuntimeGrid:None EditorOnly:0 RuntimeOnly:0 HLODRelevant:0 ListedInSceneOutliner:1 IsMainWorldOnly:0 FolderPath:Lighting FolderGuid:E13570EE436BA15E35C622BAA5B21164
 |   |   |- [+] [ 33]
 |   |   |   |- Guid:AD17E5BC40CE06957D54149ECFAB62F5 BaseClass: NativeClass:/Script/Engine.StaticMeshActor Name:StaticMeshActor_36 Label:SM_Cube3 SpatiallyLoaded:1 Bounds:IsValid=true, Min=(X=0.000 Y=3400.000 Z=0.000), Max=(X=3000.000 Y=3500.000 Z=400.000) RuntimeGrid:None EditorOnly:0 RuntimeOnly:0 HLODRelevant:1 ListedInSceneOutliner:1 IsMainWorldOnly:0 FolderPath:Playground FolderGuid:8746DDAD42A18A3736DBE9BBB77675E5
 |   |   |- [+] [ 34]
 |   |   |   |- Guid:BC04CB0245696A7C3512D3B1E19BC463 BaseClass: NativeClass:/Script/Engine.StaticMeshActor Name:StaticMeshActor_42 Label:SM_Cube9 SpatiallyLoaded:1 Bounds:IsValid=true, Min=(X=1400.000 Y=400.000 Z=0.000), Max=(X=2400.000 Y=600.000 Z=100.000) RuntimeGrid:None EditorOnly:0 RuntimeOnly:0 HLODRelevant:1 ListedInSceneOutliner:1 IsMainWorldOnly:0 FolderPath:Block01 FolderGuid:A3D0865D40B5211925A81EB39A13C84D
 |   |   |- [+] [ 35]
 |   |   |   |- Guid:CBBBECDB43DEAF15B4AA2C81A495522E BaseClass: NativeClass:/Script/Engine.StaticMeshActor Name:StaticMeshActor_UAID_A4AE111137DC5CFB00_1546167071 Label:SM_SkySphere SpatiallyLoaded:0 Bounds:IsValid=true, Min=(X=-1638400.000 Y=-1638400.000 Z=-1638400.000), Max=(X=1638400.000 Y=1638400.000 Z=1638400.000) RuntimeGrid:None EditorOnly:0 RuntimeOnly:0 HLODRelevant:1 ListedInSceneOutliner:1 IsMainWorldOnly:0 FolderPath:Lighting FolderGuid:E13570EE436BA15E35C622BAA5B21164
 |   |   |- [+] [ 36]
 |   |   |   |- Guid:CD308BEB495114F929E410BCDB885918 BaseClass: NativeClass:/Script/Engine.StaticMeshActor Name:StaticMeshActor_40 Label:SM_Cube6 SpatiallyLoaded:1 Bounds:IsValid=true, Min=(X=2900.000 Y=100.000 Z=0.000), Max=(X=3000.000 Y=3400.000 Z=400.000) RuntimeGrid:None EditorOnly:0 RuntimeOnly:0 HLODRelevant:1 ListedInSceneOutliner:1 IsMainWorldOnly:0 FolderPath:Playground FolderGuid:8746DDAD42A18A3736DBE9BBB77675E5
 |   |   |- [+] [ 37]
 |   |   |   |- Guid:D63C71BA4C8074743D89139681033264 BaseClass: NativeClass:/Script/Engine.StaticMeshActor Name:StaticMeshActor_51 Label:SM_Cylinder9 SpatiallyLoaded:1 Bounds:IsValid=true, Min=(X=2450.000 Y=2350.000 Z=0.000), Max=(X=2550.000 Y=2450.000 Z=300.000) RuntimeGrid:None EditorOnly:0 RuntimeOnly:0 HLODRelevant:1 ListedInSceneOutliner:1 IsMainWorldOnly:0 FolderPath:Pillars FolderGuid:036B2AA743B234787BD1F3822B72E975
 |   |   |- [+] [ 38]
 |   |   |   |- Guid:DEB2B5B240E2AD916406F2A807701E59 BaseClass: NativeClass:/Script/AIModule.NavLinkProxy Name:NavLinkProxy_1 Label:NavLinkProxy3 SpatiallyLoaded:1 Bounds:IsValid=true, Min=(X=2240.000 Y=1030.000 Z=90.000), Max=(X=2240.000 Y=1030.000 Z=90.000) RuntimeGrid:None EditorOnly:0 RuntimeOnly:0 HLODRelevant:0 ListedInSceneOutliner:1 IsMainWorldOnly:0 FolderPath:Navigation FolderGuid:5FBB7B1041A3902AEFBB4E87AA1D500F
 |   |   |- [+] [ 39]
 |   |   |   |- Guid:F7BDE7354E9F21C5A42BFFB5B19A7329 BaseClass: NativeClass:/Script/Engine.StaticMeshActor Name:StaticMeshActor_60 Label:SM_Cylinder6 SpatiallyLoaded:1 Bounds:IsValid=true, Min=(X=1350.000 Y=2450.000 Z=0.000), Max=(X=1450.000 Y=2550.000 Z=300.000) RuntimeGrid:None EditorOnly:0 RuntimeOnly:0 HLODRelevant:1 ListedInSceneOutliner:1 IsMainWorldOnly:0 FolderPath:Pillars FolderGuid:036B2AA743B234787BD1F3822B72E975
 |- ContainerInstances:
 |- [+] MainContainer:
 |   |-        ID: 00000000000000000000000000000000
 |   |-  ParentID: 00000000000000000000000000000000
 |   |-    Bounds: IsValid=false, Min=(X=0.000 Y=0.000 Z=0.000), Max=(X=0.000 Y=0.000 Z=0.000)
 |   |- Transform: 0.000000,0.000000,0.000000|0.000000,0.000000,-0.000000|1.000000,1.000000,1.000000
 |   |- Container: /Game/TopDown/Maps/TopDownMap1
----------------------------------------------------------------------------------------------------------------
TopDownMap1 - Persistent Level
----------------------------------------------------------------------------------------------------------------
[+] Content of TopDownMap1 Persistent Level
 |- Always loaded Actor Count: 48 
 |- Actor Path: /Game/TopDown/Maps/TopDownMap1.TopDownMap1:PersistentLevel.AbstractNavData-Default
 |- Actor Package: /Game/TopDown/Maps/TopDownMap1
 |- Actor Path: /Game/TopDown/Maps/TopDownMap1.TopDownMap1:PersistentLevel.Brush_0
 |- Actor Package: /Game/TopDown/Maps/TopDownMap1
 |- Actor Path: /Game/TopDown/Maps/TopDownMap1.TopDownMap1:PersistentLevel.DefaultPhysicsVolume_0
 |- Actor Package: /Game/TopDown/Maps/TopDownMap1
 |- Actor Path: /Game/TopDown/Maps/TopDownMap1.TopDownMap1:PersistentLevel.DirectionalLight_1
 |- Actor Package: /Game/__ExternalActors__/TopDown/Maps/TopDownMap1/6/LC/AEJH9PLWOYLN6O0BDEIOXX
 |- Actor Path: /Game/TopDown/Maps/TopDownMap1.TopDownMap1:PersistentLevel.ExponentialHeightFog_1
 |- Actor Package: /Game/__ExternalActors__/TopDown/Maps/TopDownMap1/C/BY/KEEHEPQGUSK2F95C3KEGWT
 |- Actor Path: /Game/TopDown/Maps/TopDownMap1.TopDownMap1:PersistentLevel.GameplayDebuggerPlayerManager_0
 |- Actor Package: /Game/TopDown/Maps/TopDownMap1
 |- Actor Path: /Game/TopDown/Maps/TopDownMap1.TopDownMap1:PersistentLevel.NavLinkProxy_1
 |- Actor Package: /Game/__ExternalActors__/TopDown/Maps/TopDownMap1/C/9H/QYF7ERQFB7LODKZC94IG86
 |- Actor Path: /Game/TopDown/Maps/TopDownMap1.TopDownMap1:PersistentLevel.NavMeshBoundsVolume_1
 |- Actor Package: /Game/__ExternalActors__/TopDown/Maps/TopDownMap1/C/4I/ZHGZSHPACHJ5TOZ8AOBGTC
 |- Actor Path: /Game/TopDown/Maps/TopDownMap1.TopDownMap1:PersistentLevel.PlayerStart_1
 |- Actor Package: /Game/__ExternalActors__/TopDown/Maps/TopDownMap1/E/NP/OYHINT25ZB1AX7MZHO6PHT
 |- Actor Path: /Game/TopDown/Maps/TopDownMap1.TopDownMap1:PersistentLevel.PostProcessVolume_1
 |- Actor Package: /Game/__ExternalActors__/TopDown/Maps/TopDownMap1/C/LS/6YGIKTJL2YRSVWR67P4I19
 |- Actor Path: /Game/TopDown/Maps/TopDownMap1.TopDownMap1:PersistentLevel.RecastNavMesh-Default
 |- Actor Package: /Game/TopDown/Maps/TopDownMap1
 |- Actor Path: /Game/TopDown/Maps/TopDownMap1.TopDownMap1:PersistentLevel.SkyAtmosphere_1
 |- Actor Package: /Game/__ExternalActors__/TopDown/Maps/TopDownMap1/E/PR/GDPD42D7ULI8NYNYP0QMPL
 |- Actor Path: /Game/TopDown/Maps/TopDownMap1.TopDownMap1:PersistentLevel.SkyLight_1
 |- Actor Package: /Game/__ExternalActors__/TopDown/Maps/TopDownMap1/4/OM/AJZT4SAVS1X5A2CKNFPBSZ
 |- Actor Path: /Game/TopDown/Maps/TopDownMap1.TopDownMap1:PersistentLevel.StaticMeshActor_34
 |- Actor Package: /Game/__ExternalActors__/TopDown/Maps/TopDownMap1/5/6U/DSQOHVH4I92HH4PQAQRB4O
 |- Actor Path: /Game/TopDown/Maps/TopDownMap1.TopDownMap1:PersistentLevel.StaticMeshActor_35
 |- Actor Package: /Game/__ExternalActors__/TopDown/Maps/TopDownMap1/E/6B/5CJYIAA8C3BW5Z1E92CPQT
 |- Actor Path: /Game/TopDown/Maps/TopDownMap1.TopDownMap1:PersistentLevel.StaticMeshActor_36
 |- Actor Package: /Game/__ExternalActors__/TopDown/Maps/TopDownMap1/4/54/IHVCUUAHKVA657UZVYKE77
 |- Actor Path: /Game/TopDown/Maps/TopDownMap1.TopDownMap1:PersistentLevel.StaticMeshActor_37
 |- Actor Package: /Game/__ExternalActors__/TopDown/Maps/TopDownMap1/2/A2/H6XCB7VWNE56YYM7HTWHBJ
 |- Actor Path: /Game/TopDown/Maps/TopDownMap1.TopDownMap1:PersistentLevel.StaticMeshActor_38
 |- Actor Package: /Game/__ExternalActors__/TopDown/Maps/TopDownMap1/0/8V/LV47ASHJCHZ9K5VVHTR0KP
 |- Actor Path: /Game/TopDown/Maps/TopDownMap1.TopDownMap1:PersistentLevel.StaticMeshActor_39
 |- Actor Package: /Game/__ExternalActors__/TopDown/Maps/TopDownMap1/5/L9/6V9QSVF0VGBXJIW02USVQQ
 |- Actor Path: /Game/TopDown/Maps/TopDownMap1.TopDownMap1:PersistentLevel.StaticMeshActor_40
 |- Actor Package: /Game/__ExternalActors__/TopDown/Maps/TopDownMap1/3/YP/O069W7O94VOANBT7B0B7OV
 |- Actor Path: /Game/TopDown/Maps/TopDownMap1.TopDownMap1:PersistentLevel.StaticMeshActor_41
 |- Actor Package: /Game/__ExternalActors__/TopDown/Maps/TopDownMap1/5/NW/R7W5R7W90LG99HB3S2NQUP
 |- Actor Path: /Game/TopDown/Maps/TopDownMap1.TopDownMap1:PersistentLevel.StaticMeshActor_42
 |- Actor Package: /Game/__ExternalActors__/TopDown/Maps/TopDownMap1/9/HL/VHTOPOHXTEQ6S17ZY25719
 |- Actor Path: /Game/TopDown/Maps/TopDownMap1.TopDownMap1:PersistentLevel.StaticMeshActor_43
 |- Actor Package: /Game/__ExternalActors__/TopDown/Maps/TopDownMap1/7/CE/ICWZLMAWUM86F8FV5ZFPHT
 |- Actor Path: /Game/TopDown/Maps/TopDownMap1.TopDownMap1:PersistentLevel.StaticMeshActor_44
 |- Actor Package: /Game/__ExternalActors__/TopDown/Maps/TopDownMap1/D/PT/GEYBRST2P67IAUQNZCENA3
 |- Actor Path: /Game/TopDown/Maps/TopDownMap1.TopDownMap1:PersistentLevel.StaticMeshActor_45
 |- Actor Package: /Game/__ExternalActors__/TopDown/Maps/TopDownMap1/4/5D/40GX0O607E4MDKZX3XLCGP
 |- Actor Path: /Game/TopDown/Maps/TopDownMap1.TopDownMap1:PersistentLevel.StaticMeshActor_46
 |- Actor Package: /Game/__ExternalActors__/TopDown/Maps/TopDownMap1/B/2A/QVXMH1Y8TRRGC1K0FK5AMN
 |- Actor Path: /Game/TopDown/Maps/TopDownMap1.TopDownMap1:PersistentLevel.StaticMeshActor_47
 |- Actor Package: /Game/__ExternalActors__/TopDown/Maps/TopDownMap1/5/EZ/ZMTT6HI4V80M6EC49WKIOB
 |- Actor Path: /Game/TopDown/Maps/TopDownMap1.TopDownMap1:PersistentLevel.StaticMeshActor_48
 |- Actor Package: /Game/__ExternalActors__/TopDown/Maps/TopDownMap1/3/40/FP9BCHSHM2SH9XJB91HTVB
 |- Actor Path: /Game/TopDown/Maps/TopDownMap1.TopDownMap1:PersistentLevel.StaticMeshActor_49
 |- Actor Package: /Game/__ExternalActors__/TopDown/Maps/TopDownMap1/D/OP/86ZMTAGEQIE43TD101204N
 |- Actor Path: /Game/TopDown/Maps/TopDownMap1.TopDownMap1:PersistentLevel.StaticMeshActor_50
 |- Actor Package: /Game/__ExternalActors__/TopDown/Maps/TopDownMap1/0/H3/NNWXOPS5D1DG6G6MFHER5L
 |- Actor Path: /Game/TopDown/Maps/TopDownMap1.TopDownMap1:PersistentLevel.StaticMeshActor_51
 |- Actor Package: /Game/__ExternalActors__/TopDown/Maps/TopDownMap1/C/DT/C3CNGCRZINZTFRS0D5L498
 |- Actor Path: /Game/TopDown/Maps/TopDownMap1.TopDownMap1:PersistentLevel.StaticMeshActor_52
 |- Actor Package: /Game/__ExternalActors__/TopDown/Maps/TopDownMap1/B/QM/RX1ZSND1DIXDWFD9NDG1NA
 |- Actor Path: /Game/TopDown/Maps/TopDownMap1.TopDownMap1:PersistentLevel.StaticMeshActor_53
 |- Actor Package: /Game/__ExternalActors__/TopDown/Maps/TopDownMap1/6/XA/WSFWJFHFMZAFPKQPQD7X06
 |- Actor Path: /Game/TopDown/Maps/TopDownMap1.TopDownMap1:PersistentLevel.StaticMeshActor_54
 |- Actor Package: /Game/__ExternalActors__/TopDown/Maps/TopDownMap1/C/N2/4YS2PDRYI79WTKL1ITFJK3
 |- Actor Path: /Game/TopDown/Maps/TopDownMap1.TopDownMap1:PersistentLevel.StaticMeshActor_55
 |- Actor Package: /Game/__ExternalActors__/TopDown/Maps/TopDownMap1/C/QJ/MB4UPJK89UIPTFCOEBMGX3
 |- Actor Path: /Game/TopDown/Maps/TopDownMap1.TopDownMap1:PersistentLevel.StaticMeshActor_56
 |- Actor Package: /Game/__ExternalActors__/TopDown/Maps/TopDownMap1/5/LG/2QFYENX99VHIWA3UWNLSXJ
 |- Actor Path: /Game/TopDown/Maps/TopDownMap1.TopDownMap1:PersistentLevel.StaticMeshActor_57
 |- Actor Package: /Game/__ExternalActors__/TopDown/Maps/TopDownMap1/B/28/8PE7MFG05SHSSHWS9U56PU
 |- Actor Path: /Game/TopDown/Maps/TopDownMap1.TopDownMap1:PersistentLevel.StaticMeshActor_58
 |- Actor Package: /Game/__ExternalActors__/TopDown/Maps/TopDownMap1/9/9N/JKZ71IQL0Q69QST66ZXJ6R
 |- Actor Path: /Game/TopDown/Maps/TopDownMap1.TopDownMap1:PersistentLevel.StaticMeshActor_59
 |- Actor Package: /Game/__ExternalActors__/TopDown/Maps/TopDownMap1/C/MF/6VI7AT6LG7D4YGPF82J3OU
 |- Actor Path: /Game/TopDown/Maps/TopDownMap1.TopDownMap1:PersistentLevel.StaticMeshActor_60
 |- Actor Package: /Game/__ExternalActors__/TopDown/Maps/TopDownMap1/8/Z6/W1MVMMKSCPYTGAGBYEEIP7
 |- Actor Path: /Game/TopDown/Maps/TopDownMap1.TopDownMap1:PersistentLevel.StaticMeshActor_61
 |- Actor Package: /Game/__ExternalActors__/TopDown/Maps/TopDownMap1/0/8P/85Q6Q1CCF32ZMHWIN5OG4E
 |- Actor Path: /Game/TopDown/Maps/TopDownMap1.TopDownMap1:PersistentLevel.StaticMeshActor_UAID_A4AE111137DC5CFB00_1546167071
 |- Actor Package: /Game/__ExternalActors__/TopDown/Maps/TopDownMap1/9/OA/TQ5M4CW6QDCYXDIWQLZ7HX
 |- Actor Path: /Game/TopDown/Maps/TopDownMap1.TopDownMap1:PersistentLevel.TextRenderActor_1
 |- Actor Package: /Game/__ExternalActors__/TopDown/Maps/TopDownMap1/B/23/0RCIFB90GOB3QPCXYR4PK7
 |- Actor Path: /Game/TopDown/Maps/TopDownMap1.TopDownMap1:PersistentLevel.TopDownMap1_C_1
 |- Actor Package: /Game/TopDown/Maps/TopDownMap1
 |- Actor Path: /Game/TopDown/Maps/TopDownMap1.TopDownMap1:PersistentLevel.VolumetricCloud_1
 |- Actor Package: /Game/__ExternalActors__/TopDown/Maps/TopDownMap1/E/ID/6NCGDL1CD7OXK6X20O78R2
 |- Actor Path: /Game/TopDown/Maps/TopDownMap1.TopDownMap1:PersistentLevel.WorldDataLayers
 |- Actor Package: /Game/__ExternalActors__/TopDown/Maps/TopDownMap1/8/35/TESQ3JB6AFA67UNUUF75CT
 |- Actor Path: /Game/TopDown/Maps/TopDownMap1.TopDownMap1:PersistentLevel.WorldInfo_0
 |- Actor Package: /Game/TopDown/Maps/TopDownMap1
 |- Actor Path: /Game/TopDown/Maps/TopDownMap1.TopDownMap1:PersistentLevel.WorldPartitionMiniMap_0
 |- Actor Package: /Game/__ExternalActors__/TopDown/Maps/TopDownMap1/8/OM/3YG44AOBI9QPS9TM4BRF5X

----------------------------------------------------------------------------------------------------------------
TopDownMap1 - Runtime Spatial Hash - Streaming Grid - MainGrid
----------------------------------------------------------------------------------------------------------------
            Origin: X=0.000 Y=0.000 Z=0.000
         Cell Size: 12800
      World Bounds: IsValid=false, Min=(X=0.000 Y=0.000 Z=0.000), Max=(X=0.000 Y=0.000 Z=0.000)
     Loading Range: 25600.00
Block Slow Loading: No
 ClientOnlyVisible: No
            Origin: X=0.000 Y=0.000 Z=0.000

[+] Grid Levels: 1
 |- Level  0: Cell Count    0 | Cell Size   12800 | Actor Count    0 (0.0%)

[+] Content of Grid Level 0

